<?xml version="1.0" encoding="UTF-8"?>
<testsuite xmlns:xsi="http://www.w3.org/2001/XMLSchema-instance" xsi:noNamespaceSchemaLocation="https://maven.apache.org/surefire/maven-surefire-plugin/xsd/surefire-test-report-3.0.xsd" version="3.0" name="runner.TestRunner" time="0.697" tests="5" errors="0" skipped="0" failures="0">
  <properties>
[...]
</properties>
  <testcase name="Remove duplicate characters from a given string #1" classname="Remove repeated characters from a string" time="0.084">
    <system-out><![CDATA[
Scenario: Remove duplicate characters from a given string # src/test/resources/features/RemoveDuplicates.feature:11
  Given the input string is "programming"                 # stepdefinitions.RemoveDuplicatesStepDefinitions.theInputStringIs(java.lang.String)
  When I remove repeated characters                       # stepdefinitions.RemoveDuplicatesStepDefinitions.iRemoveRepeatedCharacters()
  Then the result should be "poain"                       # stepdefinitions.RemoveDuplicatesStepDefinitions.theResultShouldBe(java.lang.String)
]]></system-out>
  </testcase>
  <testcase name="Remove duplicate characters from a given string #2" classname="Remove repeated characters from a string" time="0.003">
    <system-out><![CDATA[
Scenario: Remove duplicate characters from a given string # src/test/resources/features/RemoveDuplicates.feature:12
  Given the input string is "programmin"                  # stepdefinitions.RemoveDuplicatesStepDefinitions.theInputStringIs(java.lang.String)
  When I remove repeated characters                       # stepdefinitions.RemoveDuplicatesStepDefinitions.iRemoveRepeatedCharacters()
  Then the result should be "pogain"                      # stepdefinitions.RemoveDuplicatesStepDefinitions.theResultShouldBe(java.lang.String)
]]></system-out>
  </testcase>
  <testcase name="Remove duplicate characters from a given string #3" classname="Remove repeated characters from a string" time="0.005">
    <system-out><![CDATA[
Scenario: Remove duplicate characters from a given string # src/test/resources/features/RemoveDuplicates.feature:13
  Given the input string is "programmi"                   # stepdefinitions.RemoveDuplicatesStepDefinitions.theInputStringIs(java.lang.String)
  When I remove repeated characters                       # stepdefinitions.RemoveDuplicatesStepDefinitions.iRemoveRepeatedCharacters()
  Then the result should be "pogai"                       # stepdefinitions.RemoveDuplicatesStepDefinitions.theResultShouldBe(java.lang.String)
]]></system-out>
  </testcase>
  <testcase name="Withdraw cash from account in credit #1" classname="Withdraw cash from account" time="0.008">
    <system-out><![CDATA[
@tag1
Scenario Outline: Withdraw cash from account in credit # src/test/resources/features/WithdrawCashSteps.feature:14
  Given I have a balance of $100 in my account         # stepdefinitions.WithdrawCashSteps.i_have_a_balance_in_my_account(int)
  When I request $20                                   # stepdefinitions.WithdrawCashSteps.i_request(int)
  Then $20 should be dispensed                         # stepdefinitions.WithdrawCashSteps.should_be_dispensed(int)
]]></system-out>
  </testcase>
  <testcase name="Withdraw cash from account in credit #2" classname="Withdraw cash from account" time="0.004">
    <system-out><![CDATA[
@tag1
Scenario Outline: Withdraw cash from account in credit # src/test/resources/features/WithdrawCashSteps.feature:15
  Given I have a balance of $200 in my account         # stepdefinitions.WithdrawCashSteps.i_have_a_balance_in_my_account(int)
  When I request $50                                   # stepdefinitions.WithdrawCashSteps.i_request(int)
  Then $50 should be dispensed                         # stepdefinitions.WithdrawCashSteps.should_be_dispensed(int)
]]></system-out>
  </testcase>
</testsuite>